d:\git\atitlungo-desktop\atitlung\atitlung\x64\debug\vc143.pdb
d:\git\atitlungo-desktop\atitlung\atitlung\x64\debug\.netframework,version=v4.7.2.assemblyattributes.obj
d:\git\atitlungo-desktop\atitlung\atitlung\x64\debug\mainform.obj
d:\git\atitlungo-desktop\atitlung\x64\debug\atitlung.exe
d:\git\atitlungo-desktop\atitlung\atitlung\x64\debug\atitlung.vcxproj.assemblyreference.cache
d:\git\atitlungo-desktop\atitlung\atitlung\x64\debug\atitlung.vcxproj.generateresource.cache
d:\git\atitlungo-desktop\atitlung\atitlung\x64\debug\atitlung.mainform.resources
d:\git\atitlungo-desktop\atitlung\x64\debug\atitlung.pdb
d:\git\atitlungo-desktop\atitlung\atitlung\x64\debug\atitlung.tlog\cl.command.1.tlog
d:\git\atitlungo-desktop\atitlung\atitlung\x64\debug\atitlung.tlog\cl.read.1.tlog
d:\git\atitlungo-desktop\atitlung\atitlung\x64\debug\atitlung.tlog\cl.write.1.tlog
d:\git\atitlungo-desktop\atitlung\atitlung\x64\debug\atitlung.tlog\link.12856.read.1.tlog
d:\git\atitlungo-desktop\atitlung\atitlung\x64\debug\atitlung.tlog\link.12856.read.2.tlog
d:\git\atitlungo-desktop\atitlung\atitlung\x64\debug\atitlung.tlog\link.12856.write.1.tlog
d:\git\atitlungo-desktop\atitlung\atitlung\x64\debug\atitlung.tlog\link.14088.read.1.tlog
d:\git\atitlungo-desktop\atitlung\atitlung\x64\debug\atitlung.tlog\link.14088.read.2.tlog
d:\git\atitlungo-desktop\atitlung\atitlung\x64\debug\atitlung.tlog\link.14088.write.1.tlog
d:\git\atitlungo-desktop\atitlung\atitlung\x64\debug\atitlung.tlog\link.2540.read.1.tlog
d:\git\atitlungo-desktop\atitlung\atitlung\x64\debug\atitlung.tlog\link.2540.read.2.tlog
d:\git\atitlungo-desktop\atitlung\atitlung\x64\debug\atitlung.tlog\link.2540.write.1.tlog
d:\git\atitlungo-desktop\atitlung\atitlung\x64\debug\atitlung.tlog\link.3524.read.1.tlog
d:\git\atitlungo-desktop\atitlung\atitlung\x64\debug\atitlung.tlog\link.3524.read.2.tlog
d:\git\atitlungo-desktop\atitlung\atitlung\x64\debug\atitlung.tlog\link.3524.write.1.tlog
d:\git\atitlungo-desktop\atitlung\atitlung\x64\debug\atitlung.tlog\link.9948.read.1.tlog
d:\git\atitlungo-desktop\atitlung\atitlung\x64\debug\atitlung.tlog\link.9948.read.2.tlog
d:\git\atitlungo-desktop\atitlung\atitlung\x64\debug\atitlung.tlog\link.9948.write.1.tlog
d:\git\atitlungo-desktop\atitlung\atitlung\x64\debug\atitlung.tlog\link.command.1.tlog
d:\git\atitlungo-desktop\atitlung\atitlung\x64\debug\atitlung.tlog\link.read.1.tlog
d:\git\atitlungo-desktop\atitlung\atitlung\x64\debug\atitlung.tlog\link.read.2.tlog
d:\git\atitlungo-desktop\atitlung\atitlung\x64\debug\atitlung.tlog\link.write.1.tlog
d:\git\atitlungo-desktop\atitlung\atitlung\x64\debug\atitlung.tlog\metagen.read.1.tlog
d:\git\atitlungo-desktop\atitlung\atitlung\x64\debug\atitlung.tlog\metagen.write.1.tlog
d:\git\atitlungo-desktop\atitlung\atitlung\x64\debug\atitlung.tlog\resgen.command.1.tlog
d:\git\atitlungo-desktop\atitlung\atitlung\x64\debug\atitlung.tlog\resgen.read.1.tlog
d:\git\atitlungo-desktop\atitlung\atitlung\x64\debug\atitlung.tlog\resgen.write.1.tlog
